<?xml version="1.0" encoding="UTF-8"?>
<!-- Generated by org.testng.reporters.JUnitReportReporter -->
<testsuite skipped="0" hostname="DESKTOP-69TBPPN" name="kyan.KTest" tests="1" failures="0" timestamp="10 Apr 2020 15:30:08 GMT" time="0.007" errors="0">
  <testcase name="f" time="0.007" classname="kyan.KTest"/>
</testsuite> <!-- kyan.KTest -->
