<?xml version="1.0" encoding="UTF-8"?>
<!-- Generated by org.testng.reporters.JUnitReportReporter -->
<testsuite skipped="0" hostname="DESKTOP-69TBPPN" name="kyan.KTest2" tests="1" failures="0" timestamp="10 Apr 2020 15:30:08 GMT" time="0.000" errors="0">
  <testcase name="f" time="0.000" classname="kyan.KTest2"/>
</testsuite> <!-- kyan.KTest2 -->
